#! /c/Source/iverilog-install/bin/vvp
:ivl_version "12.0 (devel)" "(s20150603-1110-g18392a46)";
:ivl_delay_selection "TYPICAL";
:vpi_time_precision + 0;
:vpi_module "C:\iverilog\lib\ivl\system.vpi";
:vpi_module "C:\iverilog\lib\ivl\vhdl_sys.vpi";
:vpi_module "C:\iverilog\lib\ivl\vhdl_textio.vpi";
:vpi_module "C:\iverilog\lib\ivl\v2005_math.vpi";
:vpi_module "C:\iverilog\lib\ivl\va_math.vpi";
S_000001bfbffc67f0 .scope module, "tb_reges" "tb_reges" 2 1;
 .timescale 0 0;
v000001bfc00fa9f0_0 .net "diff", 7 0, v000001bfbffc4ea0_0;  1 drivers
v000001bfc00faa90_0 .net "sum", 7 0, v000001bfbff92f80_0;  1 drivers
v000001bfc00fab30_0 .var "x", 7 0;
v000001bfc00fabd0_0 .var "y", 7 0;
S_000001bfbffc6980 .scope module, "uut" "reges" 2 4, 3 1 0, S_000001bfbffc67f0;
 .timescale 0 0;
    .port_info 0 /INPUT 8 "a";
    .port_info 1 /INPUT 8 "b";
    .port_info 2 /OUTPUT 8 "sum";
    .port_info 3 /OUTPUT 8 "diff";
v000001bfbffc6b10_0 .net "a", 7 0, v000001bfc00fab30_0;  1 drivers
v000001bfbff933a0_0 .net "b", 7 0, v000001bfc00fabd0_0;  1 drivers
v000001bfbffc4ea0_0 .var "diff", 7 0;
v000001bfbff92f80_0 .var "sum", 7 0;
E_000001bfc00fb6d0 .event anyedge, v000001bfbffc6b10_0, v000001bfbff933a0_0;
    .scope S_000001bfbffc6980;
T_0 ;
    %wait E_000001bfc00fb6d0;
    %load/vec4 v000001bfbffc6b10_0;
    %load/vec4 v000001bfbff933a0_0;
    %add;
    %store/vec4 v000001bfbff92f80_0, 0, 8;
    %load/vec4 v000001bfbffc6b10_0;
    %load/vec4 v000001bfbff933a0_0;
    %sub;
    %store/vec4 v000001bfbffc4ea0_0, 0, 8;
    %jmp T_0;
    .thread T_0, $push;
    .scope S_000001bfbffc67f0;
T_1 ;
    %pushi/vec4 9, 0, 8;
    %store/vec4 v000001bfc00fab30_0, 0, 8;
    %pushi/vec4 8, 0, 8;
    %store/vec4 v000001bfc00fabd0_0, 0, 8;
    %delay 10, 0;
    %vpi_call 2 8 "$display", "A=%d,\012B=%d,\012Sum=%d,\012Diff=%d", v000001bfc00fab30_0, v000001bfc00fabd0_0, v000001bfc00faa90_0, v000001bfc00fa9f0_0 {0 0 0};
    %end;
    .thread T_1;
# The file index is used to find the file name in the following table.
:file_names 4;
    "N/A";
    "<interactive>";
    "tb_reges.v";
    "reges.v";
