#! /c/Source/iverilog-install/bin/vvp
:ivl_version "12.0 (devel)" "(s20150603-1110-g18392a46)";
:ivl_delay_selection "TYPICAL";
:vpi_time_precision + 0;
:vpi_module "C:\iverilog\lib\ivl\system.vpi";
:vpi_module "C:\iverilog\lib\ivl\vhdl_sys.vpi";
:vpi_module "C:\iverilog\lib\ivl\vhdl_textio.vpi";
:vpi_module "C:\iverilog\lib\ivl\v2005_math.vpi";
:vpi_module "C:\iverilog\lib\ivl\va_math.vpi";
S_000001fe42a42ba0 .scope module, "int" "int" 2 1;
 .timescale 0 0;
v000001fe42a75080_0 .var/i "adder", 31 0;
v000001fe42a42d30_0 .var/i "i", 31 0;
    .scope S_000001fe42a42ba0;
T_0 ;
    %pushi/vec4 0, 0, 32;
    %store/vec4 v000001fe42a75080_0, 0, 32;
    %vpi_call 2 6 "$monitor", "count=%0d,adder=%0d", v000001fe42a42d30_0, v000001fe42a75080_0 {0 0 0};
    %pushi/vec4 0, 0, 32;
    %store/vec4 v000001fe42a42d30_0, 0, 32;
T_0.0 ;
    %load/vec4 v000001fe42a42d30_0;
    %cmpi/s 10, 0, 32;
    %flag_or 5, 4;
    %jmp/0xz T_0.1, 5;
    %load/vec4 v000001fe42a75080_0;
    %load/vec4 v000001fe42a42d30_0;
    %add;
    %store/vec4 v000001fe42a75080_0, 0, 32;
    %vpi_call 2 9 "$display", "value=%0d,Sum=%0d", v000001fe42a42d30_0, v000001fe42a75080_0 {0 0 0};
    %load/vec4 v000001fe42a42d30_0;
    %addi 1, 0, 32;
    %store/vec4 v000001fe42a42d30_0, 0, 32;
    %jmp T_0.0;
T_0.1 ;
    %end;
    .thread T_0;
# The file index is used to find the file name in the following table.
:file_names 3;
    "N/A";
    "<interactive>";
    "int.v";
