#! /c/Source/iverilog-install/bin/vvp
:ivl_version "12.0 (devel)" "(s20150603-1110-g18392a46)";
:ivl_delay_selection "TYPICAL";
:vpi_time_precision + 0;
:vpi_module "C:\iverilog\lib\ivl\system.vpi";
:vpi_module "C:\iverilog\lib\ivl\vhdl_sys.vpi";
:vpi_module "C:\iverilog\lib\ivl\vhdl_textio.vpi";
:vpi_module "C:\iverilog\lib\ivl\v2005_math.vpi";
:vpi_module "C:\iverilog\lib\ivl\va_math.vpi";
S_000001bc55ce78a0 .scope module, "tb_wires" "tb_wires" 2 1;
 .timescale 0 0;
v000001bc55b56030_0 .var "a", 3 0;
v000001bc55b560d0_0 .var "b", 3 0;
v000001bc55b56170_0 .net "c", 7 0, L_000001bc55b56350;  1 drivers
S_000001bc55ce7a30 .scope module, "dut" "wires" 2 4, 3 1 0, S_000001bc55ce78a0;
 .timescale 0 0;
    .port_info 0 /INPUT 4 "x";
    .port_info 1 /INPUT 4 "y";
    .port_info 2 /OUTPUT 8 "z";
v000001bc55ce7bc0_0 .net *"_ivl_0", 7 0, L_000001bc55b56210;  1 drivers
L_000001bc55b97838 .functor BUFT 1, C4<0000>, C4<0>, C4<0>, C4<0>;
v000001bc55b23380_0 .net *"_ivl_3", 3 0, L_000001bc55b97838;  1 drivers
v000001bc55b54e80_0 .net *"_ivl_4", 7 0, L_000001bc55b562b0;  1 drivers
L_000001bc55b97880 .functor BUFT 1, C4<0000>, C4<0>, C4<0>, C4<0>;
v000001bc55b22f80_0 .net *"_ivl_7", 3 0, L_000001bc55b97880;  1 drivers
v000001bc55ceae90_0 .net "x", 3 0, v000001bc55b56030_0;  1 drivers
v000001bc55ceaf30_0 .net "y", 3 0, v000001bc55b560d0_0;  1 drivers
v000001bc55b55f90_0 .net "z", 7 0, L_000001bc55b56350;  alias, 1 drivers
L_000001bc55b56210 .concat [ 4 4 0 0], v000001bc55b56030_0, L_000001bc55b97838;
L_000001bc55b562b0 .concat [ 4 4 0 0], v000001bc55b560d0_0, L_000001bc55b97880;
L_000001bc55b56350 .arith/mult 8, L_000001bc55b56210, L_000001bc55b562b0;
    .scope S_000001bc55ce78a0;
T_0 ;
    %pushi/vec4 5, 0, 4;
    %store/vec4 v000001bc55b56030_0, 0, 4;
    %pushi/vec4 4, 0, 4;
    %store/vec4 v000001bc55b560d0_0, 0, 4;
    %delay 5, 0;
    %vpi_call 2 9 "$display", "X=%d,Y=%d,Z=%d", v000001bc55b56030_0, v000001bc55b560d0_0, v000001bc55b56170_0 {0 0 0};
    %end;
    .thread T_0;
# The file index is used to find the file name in the following table.
:file_names 4;
    "N/A";
    "<interactive>";
    "tb_wires.v";
    "wires.v";
